time="2024-09-12 00:03:53" level=error msg="username or password error"
time="2024-09-12 13:14:57" level=info msg="invalid character '-' in numeric literal"
time="2024-09-12 13:15:35" level=info msg="invalid character '-' in numeric literal"
time="2024-09-12 13:16:51" level=info msg="invalid character '-' in numeric literal"
time="2024-09-12 13:17:25" level=info msg="invalid character '-' in numeric literal"
time="2024-09-12 13:17:53" level=info msg="invalid character '-' in numeric literal"
time="2024-09-12 16:29:06" level=info msg="invalid character 'l' looking for beginning of value"
time="2024-09-12 16:29:46" level=info msg="invalid character '}' looking for beginning of object key string"
time="2024-09-12 16:32:48" level=info msg="invalid character '}' looking for beginning of object key string"
time="2024-09-12 16:39:28" level=info msg=EOF
time="2024-09-12 16:39:53" level=info msg="invalid character '-' in numeric literal"
time="2024-09-12 16:40:08" level=info msg="invalid character 'u' looking for beginning of value"
time="2024-09-12 16:40:36" level=info msg="invalid character '-' in numeric literal"
time="2024-09-12 16:40:39" level=info msg="invalid character '-' in numeric literal"
time="2024-09-12 16:41:20" level=info msg="invalid character '-' in numeric literal"
time="2024-09-12 16:41:30" level=info msg="invalid character '-' in numeric literal"
time="2024-09-12 16:41:33" level=info msg="invalid character '-' in numeric literal"
time="2024-09-12 16:44:14" level=info msg=EOF
time="2024-09-12 23:52:44" level=error msg="invalid value, should be pointer to struct or slice"
time="2024-09-12 23:54:12" level=error msg="record not found"
